[0.008s] Invoking command in '/home/kuba/Documents/slam-robot/robot_ws/build/main_package': CMAKE_PREFIX_PATH=${CMAKE_PREFIX_PATH}:/opt/ros/jazzy DEBUGINFOD_URLS=https://debuginfod.ubuntu.com /usr/bin/cmake --build /home/kuba/Documents/slam-robot/robot_ws/build/main_package -- -j8 -l8
[0.065s] [ 25%] Built target sim_controls_driver_node
[0.068s] [ 37%] [32mBuilding CXX object CMakeFiles/sim_lidar_driver_node.dir/src/sim_lidar_driver.cpp.o[0m
[0.071s] [ 50%] [32mBuilding CXX object CMakeFiles/sim_motor_driver.dir/src/sim_motor_driver.cpp.o[0m
[0.072s] [ 62%] [32mBuilding CXX object CMakeFiles/controller_node.dir/src/controller.cpp.o[0m
[2.238s] [01m[K/home/kuba/Documents/slam-robot/robot_ws/main_package/src/controller.cpp:24:26:[m[K [01;31m[Kerror: [m[Kâ€˜[01m[Ksensor_msgs[m[Kâ€™ was not declared in this scope
[2.238s]    24 |     rclcpp::Subscription<[01;31m[Ksensor_msgs[m[K::msg::LaserScan>::SharedPtr lidar_subscription_;
[2.239s]       |                          [01;31m[K^~~~~~~~~~~[m[K
[2.239s] [01m[K/home/kuba/Documents/slam-robot/robot_ws/main_package/src/controller.cpp:24:53:[m[K [01;31m[Kerror: [m[Ktemplate argument 1 is invalid
[2.239s]    24 |     rclcpp::Subscription<sensor_msgs::msg::LaserScan[01;31m[K>[m[K::SharedPtr lidar_subscription_;
[2.239s]       |                                                     [01;31m[K^[m[K
[2.239s] [01m[K/home/kuba/Documents/slam-robot/robot_ws/main_package/src/controller.cpp:24:53:[m[K [01;31m[Kerror: [m[Ktemplate argument 3 is invalid
[2.239s] [01m[K/home/kuba/Documents/slam-robot/robot_ws/main_package/src/controller.cpp:24:53:[m[K [01;31m[Kerror: [m[Ktemplate argument 4 is invalid
[2.239s] [01m[K/home/kuba/Documents/slam-robot/robot_ws/main_package/src/controller.cpp:24:53:[m[K [01;31m[Kerror: [m[Ktemplate argument 5 is invalid
[2.239s] [01m[K/home/kuba/Documents/slam-robot/robot_ws/main_package/src/controller.cpp:24:56:[m[K [01;31m[Kerror: [m[Kexpected â€˜[01m[K;[m[Kâ€™ at end of member declaration
[2.239s]    24 |     rclcpp::Subscription<sensor_msgs::msg::LaserScan>::[01;31m[KSharedPtr[m[K lidar_subscription_;
[2.239s]       |                                                        [01;31m[K^~~~~~~~~[m[K
[2.239s]       |                                                                 [32m[K;[m[K
[2.241s] [01m[K/home/kuba/Documents/slam-robot/robot_ws/main_package/src/controller.cpp:24:66:[m[K [01;31m[Kerror: [m[Kâ€˜[01m[Klidar_subscription_[m[Kâ€™ does not name a type; did you mean â€˜[01m[Krmw_subscription_t[m[Kâ€™?
[2.241s]    24 | clcpp::Subscription<sensor_msgs::msg::LaserScan>::SharedPtr [01;31m[Klidar_subscription_[m[K;
[2.241s]       |                                                             [01;31m[K^~~~~~~~~~~~~~~~~~~[m[K
[2.241s]       |                                                             [32m[Krmw_subscription_t[m[K
[2.279s] [01m[K/home/kuba/Documents/slam-robot/robot_ws/main_package/src/controller.cpp:[m[K In constructor â€˜[01m[KControllerNode::[01;32m[KControllerNode[m[K()[m[Kâ€™:
[2.279s] [01m[K/home/kuba/Documents/slam-robot/robot_ws/main_package/src/controller.cpp:14:9:[m[K [01;31m[Kerror: [m[Kâ€˜[01m[Klidar_subscription_[m[Kâ€™ was not declared in this scope; did you mean â€˜[01m[Kcontrol_subscription_[m[Kâ€™?
[2.279s]    14 |         [01;31m[Klidar_subscription_[m[K = this->create_subscription<sensor_msgs::msg::LaserScan>(
[2.279s]       |         [01;31m[K^~~~~~~~~~~~~~~~~~~[m[K
[2.279s]       |         [32m[Kcontrol_subscription_[m[K
[2.285s] [01m[K/home/kuba/Documents/slam-robot/robot_ws/main_package/src/controller.cpp:14:57:[m[K [01;31m[Kerror: [m[Kâ€˜[01m[Ksensor_msgs[m[Kâ€™ was not declared in this scope
[2.285s]    14 |         lidar_subscription_ = this->create_subscription<[01;31m[Ksensor_msgs[m[K::msg::LaserScan>(
[2.285s]       |                                                         [01;31m[K^~~~~~~~~~~[m[K
[2.285s] [01m[K/home/kuba/Documents/slam-robot/robot_ws/main_package/src/controller.cpp:14:37:[m[K [01;31m[Kerror: [m[Kparse error in template argument list
[2.286s]    14 |         lidar_subscription_ = this->[01;31m[Kcreate_subscription<sensor_msgs::msg::LaserScan>[m[K(
[2.286s]       |                                     [01;31m[K^~~~~~~~~~~~~~~~~~~~~~~~~~~~~~~~~~~~~~~~~~~~~~~~[m[K
[2.290s] [01m[K/home/kuba/Documents/slam-robot/robot_ws/main_package/src/controller.cpp:14:85:[m[K [01;31m[Kerror: [m[Kno matching function for call to â€˜[01m[KControllerNode::create_subscription<<expression error> >(const char [18], int, std::_Bind_helper<false, void (ControllerNode::*)(std::shared_ptr<std_msgs::msg::Float32_<std::allocator<void> > >), ControllerNode*, const std::_Placeholder<1>&>::type)[m[Kâ€™
[2.291s]    14 | subscription_ = [01;31m[Kthis->create_subscription<sensor_msgs::msg::LaserScan>([m[K
[2.291s]       |                 [01;31m[K~~~~~~~~~~~~~~~~~~~~~~~~~~~~~~~~~~~~~~~~~~~~~~~~~~~~~~^[m[K
[2.291s] 
[2.291s]    15 | [01;31m[Kbstacle_distance", 10, std::bind(&ControllerNode::lidarCallback, this, std::placeholders::_1))[m[K;
[2.291s]       | [01;31m[K~~~~~~~~~~~~~~~~~~~~~~~~~~~~~~~~~~~~~~~~~~~~~~~~~~~~~~~~~~~~~~~~~~~~~~~~~~~~~~~~~~~~~~~~~~~~~~[m[K
[2.291s] 
[2.291s] In file included from [01m[K/opt/ros/jazzy/include/rclcpp/rclcpp/executors/single_threaded_executor.hpp:28[m[K,
[2.291s]                  from [01m[K/opt/ros/jazzy/include/rclcpp/rclcpp/executors.hpp:22[m[K,
[2.291s]                  from [01m[K/opt/ros/jazzy/include/rclcpp/rclcpp/rclcpp.hpp:172[m[K,
[2.292s]                  from [01m[K/home/kuba/Documents/slam-robot/robot_ws/main_package/src/controller.cpp:4[m[K:
[2.292s] [01m[K/opt/ros/jazzy/include/rclcpp/rclcpp/node.hpp:221:3:[m[K [01;36m[Knote: [m[Kcandidate: â€˜[01m[Ktemplate<class MessageT, class CallbackT, class AllocatorT, class SubscriptionT, class MessageMemoryStrategyT> std::shared_ptr<ROSMessageT> rclcpp::Node::[01;32m[Kcreate_subscription[m[K(const std::string&, const rclcpp::QoS&, CallbackT&&, const rclcpp::SubscriptionOptionsWithAllocator<AllocatorT>&, typename MessageMemoryStrategyT::SharedPtr)[m[Kâ€™
[2.292s]   221 |   [01;36m[Kcreate_subscription[m[K(
[2.292s]       |   [01;36m[K^~~~~~~~~~~~~~~~~~~[m[K
[2.292s] [01m[K/opt/ros/jazzy/include/rclcpp/rclcpp/node.hpp:221:3:[m[K [01;36m[Knote: [m[K  template argument deduction/substitution failed:
[2.292s] [01m[K/home/kuba/Documents/slam-robot/robot_ws/main_package/src/controller.cpp:14:85:[m[K [01;31m[Kerror: [m[Ktemplate argument 1 is invalid
[2.292s]    14 | subscription_ = [01;31m[Kthis->create_subscription<sensor_msgs::msg::LaserScan>([m[K
[2.293s]       |                 [01;31m[K~~~~~~~~~~~~~~~~~~~~~~~~~~~~~~~~~~~~~~~~~~~~~~~~~~~~~~^[m[K
[2.293s] 
[2.293s]    15 | [01;31m[Kbstacle_distance", 10, std::bind(&ControllerNode::lidarCallback, this, std::placeholders::_1))[m[K;
[2.293s]       | [01;31m[K~~~~~~~~~~~~~~~~~~~~~~~~~~~~~~~~~~~~~~~~~~~~~~~~~~~~~~~~~~~~~~~~~~~~~~~~~~~~~~~~~~~~~~~~~~~~~~[m[K
[2.293s] 
[2.304s] [01m[K/home/kuba/Documents/slam-robot/robot_ws/main_package/src/controller.cpp:[m[K In member function â€˜[01m[Kvoid ControllerNode::[01;32m[KlidarCallback[m[K(std_msgs::msg::Float32_<std::allocator<void> >::SharedPtr)[m[Kâ€™:
[2.304s] [01m[K/home/kuba/Documents/slam-robot/robot_ws/main_package/src/controller.cpp:32:11:[m[K [01;31m[Kerror: [m[Kâ€˜[01m[Kobstiacle_distance[m[Kâ€™ was not declared in this scope; did you mean â€˜[01m[Kobstacle_distance[m[Kâ€™?
[2.304s]    32 |       if ([01;31m[Kobstiacle_distance[m[K.data <= min_obstacle_distance) {
[2.304s]       |           [01;31m[K^~~~~~~~~~~~~~~~~~[m[K
[2.304s]       |           [32m[Kobstacle_distance[m[K
[2.304s] In file included from [01m[K/home/kuba/Documents/slam-robot/robot_ws/main_package/src/controller.cpp:9[m[K:
[2.304s] [01m[K/home/kuba/Documents/slam-robot/robot_ws/main_package/src/../include/config.h:6:20:[m[K [01;31m[Kerror: [m[Kconversion from â€˜[01m[Kint[m[Kâ€™ to non-scalar type â€˜[01m[Kstd_msgs::msg::Int32[m[Kâ€™ {aka â€˜[01m[Kstd_msgs::msg::Int32_<std::allocator<void> >[m[Kâ€™} requested
[2.304s]     6 | #define TURN_RIGHT [01;31m[K2[m[K
[2.304s]       |                    [01;31m[K^[m[K
[2.305s] [01m[K/home/kuba/Documents/slam-robot/robot_ws/main_package/src/controller.cpp:34:46:[m[K [01;36m[Knote: [m[Kin expansion of macro â€˜[01m[KTURN_RIGHT[m[Kâ€™
[2.305s]    34 |         std_msgs::msg::Int32 motor_command = [01;36m[KTURN_RIGHT[m[K;
[2.305s]       |                                              [01;36m[K^~~~~~~~~~[m[K
[2.305s] [01m[K/home/kuba/Documents/slam-robot/robot_ws/main_package/src/controller.cpp:31:64:[m[K [01;35m[Kwarning: [m[Kunused parameter â€˜[01m[Kobstacle_distance[m[Kâ€™ [[01;35m[K]8;;https://gcc.gnu.org/onlinedocs/gcc/Warning-Options.html#index-Wunused-parameter-Wunused-parameter]8;;[m[K]
[2.305s]    31 |  void lidarCallback([01;35m[Kconst std_msgs::msg::Float32::SharedPtr obstacle_distance[m[K) {
[2.305s]       |                     [01;35m[K~~~~~~~~~~~~~~~~~~~~~~~~~~~~~~~~~~~~~~~~^~~~~~~~~~~~~~~~~[m[K
[2.305s] 
[2.306s] [01m[K/home/kuba/Documents/slam-robot/robot_ws/main_package/src/controller.cpp:[m[K In member function â€˜[01m[Kvoid ControllerNode::[01;32m[KcontrolCallback[m[K(std_msgs::msg::Int32_<std::allocator<void> >::SharedPtr)[m[Kâ€™:
[2.307s] [01m[K/home/kuba/Documents/slam-robot/robot_ws/main_package/src/controller.cpp:45:62:[m[K [01;31m[Kerror: [m[Kâ€˜[01m[Kconst std_msgs::msg::Int32_<std::allocator<void> >::SharedPtr[m[Kâ€™ {aka â€˜[01m[Kconst class std::shared_ptr<std_msgs::msg::Int32_<std::allocator<void> > >[m[Kâ€™} has no member named â€˜[01m[Kdata[m[Kâ€™
[2.307s]    45 |         std_msgs::msg::Int32 motor_command = control_command.[01;31m[Kdata[m[K;
[2.307s]       |                                                              [01;31m[K^~~~[m[K
[2.307s] [01m[K/home/kuba/Documents/slam-robot/robot_ws/main_package/src/controller.cpp:49:9:[m[K [01;31m[Kerror: [m[Kexpected â€˜[01m[K;[m[Kâ€™ before â€˜[01m[K}[m[Kâ€™ token
[2.307s]    49 |         [01;31m[K}[m[K
[2.307s]       |         [01;31m[K^[m[K
[2.321s] [01m[K/home/kuba/Documents/slam-robot/robot_ws/main_package/src/sim_lidar_driver.cpp:[m[K In member function â€˜[01m[Kvoid SimLidarDriverNode::[01;32m[KcallbackFunction[m[K(sensor_msgs::msg::LaserScan_<std::allocator<void> >::SharedPtr)[m[Kâ€™:
[2.322s] [01m[K/home/kuba/Documents/slam-robot/robot_ws/main_package/src/sim_lidar_driver.cpp:27:44:[m[K [01;31m[Kerror: [m[Kâ€˜[01m[Kconst sensor_msgs::msg::LaserScan_<std::allocator<void> >::SharedPtr[m[Kâ€™ {aka â€˜[01m[Kconst class std::shared_ptr<sensor_msgs::msg::LaserScan_<std::allocator<void> > >[m[Kâ€™} has no member named â€˜[01m[Krange_max[m[Kâ€™
[2.322s]    27 |         obstacle_distance.data = lidar_msg.[01;31m[Krange_max[m[K;
[2.322s]       |                                            [01;31m[K^~~~~~~~~[m[K
[2.322s] [01m[K/home/kuba/Documents/slam-robot/robot_ws/main_package/src/sim_lidar_driver.cpp:29:39:[m[K [01;31m[Kerror: [m[Kâ€˜[01m[Kconst sensor_msgs::msg::LaserScan_<std::allocator<void> >::SharedPtr[m[Kâ€™ {aka â€˜[01m[Kconst class std::shared_ptr<sensor_msgs::msg::LaserScan_<std::allocator<void> > >[m[Kâ€™} has no member named â€˜[01m[Kranges[m[Kâ€™
[2.322s]    29 |         for (auto & range : lidar_msg.[01;31m[Kranges[m[K) {
[2.322s]       |                                       [01;31m[K^~~~~~[m[K
[2.328s] [01m[K/home/kuba/Documents/slam-robot/robot_ws/main_package/src/sim_lidar_driver.cpp:30:26:[m[K [01;31m[Kerror: [m[Kâ€˜[01m[Koutput_msg[m[Kâ€™ was not declared in this scope
[2.328s]    30 |             if ((range > [01;31m[Koutput_msg[m[K.range_min || range < output_msg.range_max) && range < obstacle_distance.data) {
[2.329s]       |                          [01;31m[K^~~~~~~~~~[m[K
[2.337s] In file included from [01m[K/opt/ros/jazzy/include/rclcpp/rclcpp/logging.hpp:24[m[K,
[2.337s]                  from [01m[K/opt/ros/jazzy/include/rclcpp/rclcpp/copy_all_parameter_values.hpp:27[m[K,
[2.337s]                  from [01m[K/opt/ros/jazzy/include/rclcpp/rclcpp/rclcpp.hpp:171[m[K,
[2.337s]                  from [01m[K/home/kuba/Documents/slam-robot/robot_ws/main_package/src/sim_motor_driver.cpp:5[m[K:
[2.338s] [01m[K/home/kuba/Documents/slam-robot/robot_ws/main_package/src/sim_motor_driver.cpp:[m[K In member function â€˜[01m[Kvoid SimMotorDriver::[01;32m[KcallbackFunction[m[K(std_msgs::msg::Int32_<std::allocator<void> >::SharedPtr)[m[Kâ€™:
[2.338s] [01m[K/home/kuba/Documents/slam-robot/robot_ws/main_package/src/sim_motor_driver.cpp:40:59:[m[K [01;31m[Kerror: [m[Kâ€˜[01m[Kmsg[m[Kâ€™ was not declared in this scope
[2.338s]    40 |         RCLCPP_INFO(this->get_logger(), "Received: '%s'", [01;31m[Kmsg[m[K->data.c_str());
[2.338s]       |                                                           [01;31m[K^~~[m[K
[2.338s] [01m[K/home/kuba/Documents/slam-robot/robot_ws/main_package/src/sim_motor_driver.cpp:40:59:[m[K [01;36m[Knote: [m[Ksuggested alternatives:
[2.338s] In file included from [01m[K/opt/ros/jazzy/include/rcl_interfaces/rcl_interfaces/srv/detail/list_parameters__struct.hpp:156[m[K,
[2.338s]                  from [01m[K/opt/ros/jazzy/include/rcl_interfaces/rcl_interfaces/srv/list_parameters.hpp:7[m[K,
[2.338s]                  from [01m[K/opt/ros/jazzy/include/rclcpp/rclcpp/copy_all_parameter_values.hpp:21[m[K:
[2.338s] [01m[K/opt/ros/jazzy/include/rcl_interfaces/rcl_interfaces/msg/detail/list_parameters_result__struct.hpp:30:11:[m[K [01;36m[Knote: [m[K  â€˜[01m[Krcl_interfaces::msg[m[Kâ€™
[2.339s]    30 | namespace [01;36m[Kmsg[m[K
[2.339s]       |           [01;36m[K^~~[m[K
[2.339s] In file included from [01m[K/opt/ros/jazzy/include/service_msgs/service_msgs/msg/detail/service_event_info__struct.hpp:23[m[K,
[2.339s]                  from [01m[K/opt/ros/jazzy/include/rcl_interfaces/rcl_interfaces/srv/detail/list_parameters__struct.hpp:267[m[K:
[2.339s] [01m[K/opt/ros/jazzy/include/builtin_interfaces/builtin_interfaces/msg/detail/time__struct.hpp:30:11:[m[K [01;36m[Knote: [m[K  â€˜[01m[Kbuiltin_interfaces::msg[m[Kâ€™
[2.339s]    30 | namespace [01;36m[Kmsg[m[K
[2.339s]       |           [01;36m[K^~~[m[K
[2.339s] [01m[K/opt/ros/jazzy/include/service_msgs/service_msgs/msg/detail/service_event_info__struct.hpp:34:11:[m[K [01;36m[Knote: [m[K  â€˜[01m[Kservice_msgs::msg[m[Kâ€™
[2.340s]    34 | namespace [01;36m[Kmsg[m[K
[2.340s]       |           [01;36m[K^~~[m[K
[2.340s] In file included from [01m[K/opt/ros/jazzy/include/statistics_msgs/statistics_msgs/msg/detail/metrics_message__struct.hpp:26[m[K,
[2.340s]                  from [01m[K/opt/ros/jazzy/include/statistics_msgs/statistics_msgs/msg/metrics_message.hpp:7[m[K,
[2.340s]                  from [01m[K/opt/ros/jazzy/include/libstatistics_collector/libstatistics_collector/collector/generate_statistics_message.hpp:21[m[K,
[2.340s]                  from [01m[K/opt/ros/jazzy/include/rclcpp/rclcpp/topic_statistics/subscription_topic_statistics.hpp:23[m[K,
[2.341s]                  from [01m[K/opt/ros/jazzy/include/rclcpp/rclcpp/subscription.hpp:50[m[K,
[2.341s]                  from [01m[K/opt/ros/jazzy/include/rclcpp/rclcpp/any_executable.hpp:25[m[K,
[2.341s]                  from [01m[K/opt/ros/jazzy/include/rclcpp/rclcpp/memory_strategy.hpp:25[m[K,
[2.341s]                  from [01m[K/opt/ros/jazzy/include/rclcpp/rclcpp/memory_strategies.hpp:18[m[K,
[2.341s]                  from [01m[K/opt/ros/jazzy/include/rclcpp/rclcpp/executor_options.hpp:22[m[K,
[2.341s]                  from [01m[K/opt/ros/jazzy/include/rclcpp/rclcpp/executor.hpp:38[m[K,
[2.341s]                  from [01m[K/opt/ros/jazzy/include/rclcpp/rclcpp/executors/multi_threaded_executor.hpp:25[m[K,
[2.341s]                  from [01m[K/opt/ros/jazzy/include/rclcpp/rclcpp/executors.hpp:21[m[K,
[2.341s]                  from [01m[K/opt/ros/jazzy/include/rclcpp/rclcpp/rclcpp.hpp:172[m[K:
[2.342s] [01m[K/opt/ros/jazzy/include/statistics_msgs/statistics_msgs/msg/detail/statistic_data_point__struct.hpp:30:11:[m[K [01;36m[Knote: [m[K  â€˜[01m[Kstatistics_msgs::msg[m[Kâ€™
[2.342s]    30 | namespace [01;36m[Kmsg[m[K
[2.342s]       |           [01;36m[K^~~[m[K
[2.342s] In file included from [01m[K/opt/ros/jazzy/include/geometry_msgs/geometry_msgs/msg/detail/twist__struct.hpp:24[m[K,
[2.342s]                  from [01m[K/opt/ros/jazzy/include/geometry_msgs/geometry_msgs/msg/twist.hpp:7[m[K,
[2.342s]                  from [01m[K/home/kuba/Documents/slam-robot/robot_ws/main_package/src/sim_motor_driver.cpp:6[m[K:
[2.342s] [01m[K/opt/ros/jazzy/include/geometry_msgs/geometry_msgs/msg/detail/vector3__struct.hpp:30:11:[m[K [01;36m[Knote: [m[K  â€˜[01m[Kgeometry_msgs::msg[m[Kâ€™
[2.342s]    30 | namespace [01;36m[Kmsg[m[K
[2.342s]       |           [01;36m[K^~~[m[K
[2.343s] In file included from [01m[K/opt/ros/jazzy/include/std_msgs/std_msgs/msg/int32.hpp:7[m[K,
[2.343s]                  from [01m[K/home/kuba/Documents/slam-robot/robot_ws/main_package/src/sim_motor_driver.cpp:7[m[K:
[2.343s] [01m[K/opt/ros/jazzy/include/std_msgs/std_msgs/msg/detail/int32__struct.hpp:30:11:[m[K [01;36m[Knote: [m[K  â€˜[01m[Kstd_msgs::msg[m[Kâ€™
[2.343s]    30 | namespace [01;36m[Kmsg[m[K
[2.343s]       |           [01;36m[K^~~[m[K
[2.343s] [01m[K/home/kuba/Documents/slam-robot/robot_ws/main_package/src/sim_motor_driver.cpp:44:32:[m[K [01;31m[Kerror: [m[Kâ€˜[01m[Kconst std_msgs::msg::Int32_<std::allocator<void> >::SharedPtr[m[Kâ€™ {aka â€˜[01m[Kconst class std::shared_ptr<std_msgs::msg::Int32_<std::allocator<void> > >[m[Kâ€™} has no member named â€˜[01m[Kdata[m[Kâ€™
[2.343s]    44 |         switch (motor_commands.[01;31m[Kdata[m[K) {
[2.343s]       |                                [01;31m[K^~~~[m[K
[2.343s] [01m[K/home/kuba/Documents/slam-robot/robot_ws/main_package/src/sim_motor_driver.cpp:59:9:[m[K [01;31m[Kerror: [m[Kexpected primary-expression before â€˜[01m[K}[m[Kâ€™ token
[2.343s]    59 |         [01;31m[K}[m[K
[2.344s]       |         [01;31m[K^[m[K
[4.396s] gmake[2]: *** [CMakeFiles/controller_node.dir/build.make:76: CMakeFiles/controller_node.dir/src/controller.cpp.o] Error 1
[4.396s] gmake[1]: *** [CMakeFiles/Makefile2:143: CMakeFiles/controller_node.dir/all] Error 2
[4.396s] gmake[1]: *** Waiting for unfinished jobs....
[4.572s] gmake[2]: *** [CMakeFiles/sim_lidar_driver_node.dir/build.make:76: CMakeFiles/sim_lidar_driver_node.dir/src/sim_lidar_driver.cpp.o] Error 1
[4.572s] gmake[1]: *** [CMakeFiles/Makefile2:169: CMakeFiles/sim_lidar_driver_node.dir/all] Error 2
[4.598s] gmake[2]: *** [CMakeFiles/sim_motor_driver.dir/build.make:76: CMakeFiles/sim_motor_driver.dir/src/sim_motor_driver.cpp.o] Error 1
[4.598s] gmake[1]: *** [CMakeFiles/Makefile2:195: CMakeFiles/sim_motor_driver.dir/all] Error 2
[4.598s] gmake: *** [Makefile:146: all] Error 2
[4.600s] Invoked command in '/home/kuba/Documents/slam-robot/robot_ws/build/main_package' returned '2': CMAKE_PREFIX_PATH=${CMAKE_PREFIX_PATH}:/opt/ros/jazzy DEBUGINFOD_URLS=https://debuginfod.ubuntu.com /usr/bin/cmake --build /home/kuba/Documents/slam-robot/robot_ws/build/main_package -- -j8 -l8
