-- The C compiler identification is GNU 13.2.0
-- The CXX compiler identification is GNU 13.2.0
-- Detecting C compiler ABI info
-- Detecting C compiler ABI info - done
-- Check for working C compiler: /usr/bin/cc - skipped
-- Detecting C compile features
-- Detecting C compile features - done
-- Detecting CXX compiler ABI info
-- Detecting CXX compiler ABI info - done
-- Check for working CXX compiler: /usr/bin/c++ - skipped
-- Detecting CXX compile features
-- Detecting CXX compile features - done
-- Found ament_cmake: 2.5.2 (/opt/ros/jazzy/share/ament_cmake/cmake)
-- Found Python3: /usr/bin/python3 (found version "3.12.3") found components: Interpreter 
-- Found Protobuf: /usr/lib/x86_64-linux-gnu/libprotobuf.so (found version "3.21.12") 
-- Configuring done (0.9s)
-- Generating done (0.0s)
-- Build files have been written to: /home/kuba/Documents/slam-robot/robot_ws/build/main_package
[ 50%] [32mBuilding CXX object CMakeFiles/main_node.dir/src/main.cpp.o[0m
[01m[K/home/kuba/Documents/slam-robot/robot_ws/main_package/src/main.cpp:[m[K In function â€˜[01m[Kvoid[01;32m[K cb[m[K(const gz::msgs::LaserScan&)[m[Kâ€™:
[01m[K/home/kuba/Documents/slam-robot/robot_ws/main_package/src/main.cpp:14:25:[m[K [01;31m[Kerror: [m[Kâ€˜[01m[K_msg[m[Kâ€™ was not declared in this scope; did you mean â€˜[01m[K_msgs[m[Kâ€™?
   14 |     for (int i = 0; i < [01;31m[K_msg[m[K.ranges_size(); i++) {
      |                         [01;31m[K^~~~[m[K
      |                         [32m[K_msgs[m[K
[01m[K/home/kuba/Documents/slam-robot/robot_ws/main_package/src/main.cpp:10:36:[m[K [01;35m[Kwarning: [m[Kunused parameter â€˜[01m[K_msgs[m[Kâ€™ [[01;35m[K]8;;https://gcc.gnu.org/onlinedocs/gcc/Warning-Options.html#index-Wunused-parameter-Wunused-parameter]8;;[m[K]
   10 | void cb([01;35m[Kconst gz::msgs::LaserScan &_msgs[m[K) {
      |         [01;35m[K~~~~~~~~~~~~~~~~~~~~~~~~~~~^~~~~[m[K
[01m[K/home/kuba/Documents/slam-robot/robot_ws/main_package/src/main.cpp:[m[K In function â€˜[01m[Kint[01;32m[K main[m[K(int, char**)[m[Kâ€™:
[01m[K/home/kuba/Documents/slam-robot/robot_ws/main_package/src/main.cpp:32:14:[m[K [01;35m[Kwarning: [m[Kunused parameter â€˜[01m[Kargc[m[Kâ€™ [[01;35m[K]8;;https://gcc.gnu.org/onlinedocs/gcc/Warning-Options.html#index-Wunused-parameter-Wunused-parameter]8;;[m[K]
   32 | int main([01;35m[Kint argc[m[K, char **argv) {
      |          [01;35m[K~~~~^~~~[m[K
[01m[K/home/kuba/Documents/slam-robot/robot_ws/main_package/src/main.cpp:32:27:[m[K [01;35m[Kwarning: [m[Kunused parameter â€˜[01m[Kargv[m[Kâ€™ [[01;35m[K]8;;https://gcc.gnu.org/onlinedocs/gcc/Warning-Options.html#index-Wunused-parameter-Wunused-parameter]8;;[m[K]
   32 | int main(int argc, [01;35m[Kchar **argv[m[K) {
      |                    [01;35m[K~~~~~~~^~~~[m[K
gmake[2]: *** [CMakeFiles/main_node.dir/build.make:76: CMakeFiles/main_node.dir/src/main.cpp.o] Error 1
gmake[1]: *** [CMakeFiles/Makefile2:137: CMakeFiles/main_node.dir/all] Error 2
gmake: *** [Makefile:146: all] Error 2
