[0.007s] Invoking command in '/home/kuba/Documents/slam-robot/robot_ws/build/main_package': CMAKE_PREFIX_PATH=${CMAKE_PREFIX_PATH}:/opt/ros/jazzy DEBUGINFOD_URLS=https://debuginfod.ubuntu.com /usr/bin/cmake /home/kuba/Documents/slam-robot/robot_ws/main_package -DCMAKE_INSTALL_PREFIX=/home/kuba/Documents/slam-robot/robot_ws/install/main_package
[0.050s] -- The C compiler identification is GNU 13.2.0
[0.092s] -- The CXX compiler identification is GNU 13.2.0
[0.103s] -- Detecting C compiler ABI info
[0.174s] -- Detecting C compiler ABI info - done
[0.181s] -- Check for working C compiler: /usr/bin/cc - skipped
[0.181s] -- Detecting C compile features
[0.182s] -- Detecting C compile features - done
[0.189s] -- Detecting CXX compiler ABI info
[0.265s] -- Detecting CXX compiler ABI info - done
[0.272s] -- Check for working CXX compiler: /usr/bin/c++ - skipped
[0.273s] -- Detecting CXX compile features
[0.273s] -- Detecting CXX compile features - done
[0.276s] -- Found ament_cmake: 2.5.2 (/opt/ros/jazzy/share/ament_cmake/cmake)
[0.389s] -- Found Python3: /usr/bin/python3 (found version "3.12.3") found components: Interpreter 
[0.584s] -- Found Protobuf: /usr/lib/x86_64-linux-gnu/libprotobuf.so (found version "3.21.12") 
[0.932s] -- Configuring done (0.9s)
[0.938s] -- Generating done (0.0s)
[0.939s] -- Build files have been written to: /home/kuba/Documents/slam-robot/robot_ws/build/main_package
[0.947s] Invoked command in '/home/kuba/Documents/slam-robot/robot_ws/build/main_package' returned '0': CMAKE_PREFIX_PATH=${CMAKE_PREFIX_PATH}:/opt/ros/jazzy DEBUGINFOD_URLS=https://debuginfod.ubuntu.com /usr/bin/cmake /home/kuba/Documents/slam-robot/robot_ws/main_package -DCMAKE_INSTALL_PREFIX=/home/kuba/Documents/slam-robot/robot_ws/install/main_package
[0.948s] Invoking command in '/home/kuba/Documents/slam-robot/robot_ws/build/main_package': CMAKE_PREFIX_PATH=${CMAKE_PREFIX_PATH}:/opt/ros/jazzy DEBUGINFOD_URLS=https://debuginfod.ubuntu.com /usr/bin/cmake --build /home/kuba/Documents/slam-robot/robot_ws/build/main_package -- -j8 -l8
[0.987s] [ 50%] [32mBuilding CXX object CMakeFiles/main_node.dir/src/main.cpp.o[0m
[1.790s] [01m[K/home/kuba/Documents/slam-robot/robot_ws/main_package/src/main.cpp:[m[K In function â€˜[01m[Kvoid[01;32m[K cb[m[K(const gz::msgs::LaserScan&)[m[Kâ€™:
[1.790s] [01m[K/home/kuba/Documents/slam-robot/robot_ws/main_package/src/main.cpp:14:25:[m[K [01;31m[Kerror: [m[Kâ€˜[01m[K_msg[m[Kâ€™ was not declared in this scope; did you mean â€˜[01m[K_msgs[m[Kâ€™?
[1.790s]    14 |     for (int i = 0; i < [01;31m[K_msg[m[K.ranges_size(); i++) {
[1.790s]       |                         [01;31m[K^~~~[m[K
[1.790s]       |                         [32m[K_msgs[m[K
[1.790s] [01m[K/home/kuba/Documents/slam-robot/robot_ws/main_package/src/main.cpp:10:36:[m[K [01;35m[Kwarning: [m[Kunused parameter â€˜[01m[K_msgs[m[Kâ€™ [[01;35m[K]8;;https://gcc.gnu.org/onlinedocs/gcc/Warning-Options.html#index-Wunused-parameter-Wunused-parameter]8;;[m[K]
[1.790s]    10 | void cb([01;35m[Kconst gz::msgs::LaserScan &_msgs[m[K) {
[1.791s]       |         [01;35m[K~~~~~~~~~~~~~~~~~~~~~~~~~~~^~~~~[m[K
[1.791s] [01m[K/home/kuba/Documents/slam-robot/robot_ws/main_package/src/main.cpp:[m[K In function â€˜[01m[Kint[01;32m[K main[m[K(int, char**)[m[Kâ€™:
[1.791s] [01m[K/home/kuba/Documents/slam-robot/robot_ws/main_package/src/main.cpp:32:14:[m[K [01;35m[Kwarning: [m[Kunused parameter â€˜[01m[Kargc[m[Kâ€™ [[01;35m[K]8;;https://gcc.gnu.org/onlinedocs/gcc/Warning-Options.html#index-Wunused-parameter-Wunused-parameter]8;;[m[K]
[1.791s]    32 | int main([01;35m[Kint argc[m[K, char **argv) {
[1.791s]       |          [01;35m[K~~~~^~~~[m[K
[1.791s] [01m[K/home/kuba/Documents/slam-robot/robot_ws/main_package/src/main.cpp:32:27:[m[K [01;35m[Kwarning: [m[Kunused parameter â€˜[01m[Kargv[m[Kâ€™ [[01;35m[K]8;;https://gcc.gnu.org/onlinedocs/gcc/Warning-Options.html#index-Wunused-parameter-Wunused-parameter]8;;[m[K]
[1.791s]    32 | int main(int argc, [01;35m[Kchar **argv[m[K) {
[1.791s]       |                    [01;35m[K~~~~~~~^~~~[m[K
[1.964s] gmake[2]: *** [CMakeFiles/main_node.dir/build.make:76: CMakeFiles/main_node.dir/src/main.cpp.o] Error 1
[1.964s] gmake[1]: *** [CMakeFiles/Makefile2:137: CMakeFiles/main_node.dir/all] Error 2
[1.965s] gmake: *** [Makefile:146: all] Error 2
[1.966s] Invoked command in '/home/kuba/Documents/slam-robot/robot_ws/build/main_package' returned '2': CMAKE_PREFIX_PATH=${CMAKE_PREFIX_PATH}:/opt/ros/jazzy DEBUGINFOD_URLS=https://debuginfod.ubuntu.com /usr/bin/cmake --build /home/kuba/Documents/slam-robot/robot_ws/build/main_package -- -j8 -l8
