[ 25%] Built target sim_controls_driver_node
[ 37%] [32mBuilding CXX object CMakeFiles/sim_lidar_driver_node.dir/src/sim_lidar_driver.cpp.o[0m
[ 50%] [32mBuilding CXX object CMakeFiles/sim_motor_driver.dir/src/sim_motor_driver.cpp.o[0m
[ 62%] [32mBuilding CXX object CMakeFiles/controller_node.dir/src/controller.cpp.o[0m
[01m[K/home/kuba/Documents/slam-robot/robot_ws/main_package/src/controller.cpp:24:26:[m[K [01;31m[Kerror: [m[Kâ€˜[01m[Ksensor_msgs[m[Kâ€™ was not declared in this scope
   24 |     rclcpp::Subscription<[01;31m[Ksensor_msgs[m[K::msg::LaserScan>::SharedPtr lidar_subscription_;
      |                          [01;31m[K^~~~~~~~~~~[m[K
[01m[K/home/kuba/Documents/slam-robot/robot_ws/main_package/src/controller.cpp:24:53:[m[K [01;31m[Kerror: [m[Ktemplate argument 1 is invalid
   24 |     rclcpp::Subscription<sensor_msgs::msg::LaserScan[01;31m[K>[m[K::SharedPtr lidar_subscription_;
      |                                                     [01;31m[K^[m[K
[01m[K/home/kuba/Documents/slam-robot/robot_ws/main_package/src/controller.cpp:24:53:[m[K [01;31m[Kerror: [m[Ktemplate argument 3 is invalid
[01m[K/home/kuba/Documents/slam-robot/robot_ws/main_package/src/controller.cpp:24:53:[m[K [01;31m[Kerror: [m[Ktemplate argument 4 is invalid
[01m[K/home/kuba/Documents/slam-robot/robot_ws/main_package/src/controller.cpp:24:53:[m[K [01;31m[Kerror: [m[Ktemplate argument 5 is invalid
[01m[K/home/kuba/Documents/slam-robot/robot_ws/main_package/src/controller.cpp:24:56:[m[K [01;31m[Kerror: [m[Kexpected â€˜[01m[K;[m[Kâ€™ at end of member declaration
   24 |     rclcpp::Subscription<sensor_msgs::msg::LaserScan>::[01;31m[KSharedPtr[m[K lidar_subscription_;
      |                                                        [01;31m[K^~~~~~~~~[m[K
      |                                                                 [32m[K;[m[K
[01m[K/home/kuba/Documents/slam-robot/robot_ws/main_package/src/controller.cpp:24:66:[m[K [01;31m[Kerror: [m[Kâ€˜[01m[Klidar_subscription_[m[Kâ€™ does not name a type; did you mean â€˜[01m[Krmw_subscription_t[m[Kâ€™?
   24 | clcpp::Subscription<sensor_msgs::msg::LaserScan>::SharedPtr [01;31m[Klidar_subscription_[m[K;
      |                                                             [01;31m[K^~~~~~~~~~~~~~~~~~~[m[K
      |                                                             [32m[Krmw_subscription_t[m[K
[01m[K/home/kuba/Documents/slam-robot/robot_ws/main_package/src/sim_motor_driver.cpp:[m[K In member function â€˜[01m[Kvoid SimMotorDriver::[01;32m[KcallbackFunction[m[K(std_msgs::msg::Int32_<std::allocator<void> >::SharedPtr)[m[Kâ€™:
[01m[K/home/kuba/Documents/slam-robot/robot_ws/main_package/src/sim_motor_driver.cpp:42:32:[m[K [01;31m[Kerror: [m[Kâ€˜[01m[Kconst std_msgs::msg::Int32_<std::allocator<void> >::SharedPtr[m[Kâ€™ {aka â€˜[01m[Kconst class std::shared_ptr<std_msgs::msg::Int32_<std::allocator<void> > >[m[Kâ€™} has no member named â€˜[01m[Kdata[m[Kâ€™
   42 |         switch (motor_commands.[01;31m[Kdata[m[K) {
      |                                [01;31m[K^~~~[m[K
[01m[K/home/kuba/Documents/slam-robot/robot_ws/main_package/src/sim_lidar_driver.cpp:[m[K In member function â€˜[01m[Kvoid SimLidarDriverNode::[01;32m[KcallbackFunction[m[K(sensor_msgs::msg::LaserScan_<std::allocator<void> >::SharedPtr)[m[Kâ€™:
[01m[K/home/kuba/Documents/slam-robot/robot_ws/main_package/src/sim_lidar_driver.cpp:27:44:[m[K [01;31m[Kerror: [m[Kâ€˜[01m[Kconst sensor_msgs::msg::LaserScan_<std::allocator<void> >::SharedPtr[m[Kâ€™ {aka â€˜[01m[Kconst class std::shared_ptr<sensor_msgs::msg::LaserScan_<std::allocator<void> > >[m[Kâ€™} has no member named â€˜[01m[Krange_max[m[Kâ€™
   27 |         obstacle_distance.data = lidar_msg.[01;31m[Krange_max[m[K;
      |                                            [01;31m[K^~~~~~~~~[m[K
[01m[K/home/kuba/Documents/slam-robot/robot_ws/main_package/src/sim_lidar_driver.cpp:29:39:[m[K [01;31m[Kerror: [m[Kâ€˜[01m[Kconst sensor_msgs::msg::LaserScan_<std::allocator<void> >::SharedPtr[m[Kâ€™ {aka â€˜[01m[Kconst class std::shared_ptr<sensor_msgs::msg::LaserScan_<std::allocator<void> > >[m[Kâ€™} has no member named â€˜[01m[Kranges[m[Kâ€™
   29 |         for (auto & range : lidar_msg.[01;31m[Kranges[m[K) {
      |                                       [01;31m[K^~~~~~[m[K
[01m[K/home/kuba/Documents/slam-robot/robot_ws/main_package/src/controller.cpp:[m[K In constructor â€˜[01m[KControllerNode::[01;32m[KControllerNode[m[K()[m[Kâ€™:
[01m[K/home/kuba/Documents/slam-robot/robot_ws/main_package/src/controller.cpp:14:9:[m[K [01;31m[Kerror: [m[Kâ€˜[01m[Klidar_subscription_[m[Kâ€™ was not declared in this scope; did you mean â€˜[01m[Kcontrol_subscription_[m[Kâ€™?
   14 |         [01;31m[Klidar_subscription_[m[K = this->create_subscription<sensor_msgs::msg::LaserScan>(
      |         [01;31m[K^~~~~~~~~~~~~~~~~~~[m[K
      |         [32m[Kcontrol_subscription_[m[K
[01m[K/home/kuba/Documents/slam-robot/robot_ws/main_package/src/sim_lidar_driver.cpp:30:26:[m[K [01;31m[Kerror: [m[Kâ€˜[01m[Koutput_msg[m[Kâ€™ was not declared in this scope
   30 |             if ((range > [01;31m[Koutput_msg[m[K.range_min || range < output_msg.range_max) && range < obstacle_distance.data) {
      |                          [01;31m[K^~~~~~~~~~[m[K
[01m[K/home/kuba/Documents/slam-robot/robot_ws/main_package/src/controller.cpp:14:57:[m[K [01;31m[Kerror: [m[Kâ€˜[01m[Ksensor_msgs[m[Kâ€™ was not declared in this scope
   14 |         lidar_subscription_ = this->create_subscription<[01;31m[Ksensor_msgs[m[K::msg::LaserScan>(
      |                                                         [01;31m[K^~~~~~~~~~~[m[K
[01m[K/home/kuba/Documents/slam-robot/robot_ws/main_package/src/controller.cpp:14:37:[m[K [01;31m[Kerror: [m[Kparse error in template argument list
   14 |         lidar_subscription_ = this->[01;31m[Kcreate_subscription<sensor_msgs::msg::LaserScan>[m[K(
      |                                     [01;31m[K^~~~~~~~~~~~~~~~~~~~~~~~~~~~~~~~~~~~~~~~~~~~~~~~[m[K
[01m[K/home/kuba/Documents/slam-robot/robot_ws/main_package/src/controller.cpp:14:85:[m[K [01;31m[Kerror: [m[Kno matching function for call to â€˜[01m[KControllerNode::create_subscription<<expression error> >(const char [18], int, std::_Bind_helper<false, void (ControllerNode::*)(std::shared_ptr<std_msgs::msg::Float32_<std::allocator<void> > >), ControllerNode*, const std::_Placeholder<1>&>::type)[m[Kâ€™
   14 | subscription_ = [01;31m[Kthis->create_subscription<sensor_msgs::msg::LaserScan>([m[K
      |                 [01;31m[K~~~~~~~~~~~~~~~~~~~~~~~~~~~~~~~~~~~~~~~~~~~~~~~~~~~~~~^[m[K

   15 | [01;31m[Kbstacle_distance", 10, std::bind(&ControllerNode::lidarCallback, this, std::placeholders::_1))[m[K;
      | [01;31m[K~~~~~~~~~~~~~~~~~~~~~~~~~~~~~~~~~~~~~~~~~~~~~~~~~~~~~~~~~~~~~~~~~~~~~~~~~~~~~~~~~~~~~~~~~~~~~~[m[K

In file included from [01m[K/opt/ros/jazzy/include/rclcpp/rclcpp/executors/single_threaded_executor.hpp:28[m[K,
                 from [01m[K/opt/ros/jazzy/include/rclcpp/rclcpp/executors.hpp:22[m[K,
                 from [01m[K/opt/ros/jazzy/include/rclcpp/rclcpp/rclcpp.hpp:172[m[K,
                 from [01m[K/home/kuba/Documents/slam-robot/robot_ws/main_package/src/controller.cpp:4[m[K:
[01m[K/opt/ros/jazzy/include/rclcpp/rclcpp/node.hpp:221:3:[m[K [01;36m[Knote: [m[Kcandidate: â€˜[01m[Ktemplate<class MessageT, class CallbackT, class AllocatorT, class SubscriptionT, class MessageMemoryStrategyT> std::shared_ptr<ROSMessageT> rclcpp::Node::[01;32m[Kcreate_subscription[m[K(const std::string&, const rclcpp::QoS&, CallbackT&&, const rclcpp::SubscriptionOptionsWithAllocator<AllocatorT>&, typename MessageMemoryStrategyT::SharedPtr)[m[Kâ€™
  221 |   [01;36m[Kcreate_subscription[m[K(
      |   [01;36m[K^~~~~~~~~~~~~~~~~~~[m[K
[01m[K/opt/ros/jazzy/include/rclcpp/rclcpp/node.hpp:221:3:[m[K [01;36m[Knote: [m[K  template argument deduction/substitution failed:
[01m[K/home/kuba/Documents/slam-robot/robot_ws/main_package/src/controller.cpp:14:85:[m[K [01;31m[Kerror: [m[Ktemplate argument 1 is invalid
   14 | subscription_ = [01;31m[Kthis->create_subscription<sensor_msgs::msg::LaserScan>([m[K
      |                 [01;31m[K~~~~~~~~~~~~~~~~~~~~~~~~~~~~~~~~~~~~~~~~~~~~~~~~~~~~~~^[m[K

   15 | [01;31m[Kbstacle_distance", 10, std::bind(&ControllerNode::lidarCallback, this, std::placeholders::_1))[m[K;
      | [01;31m[K~~~~~~~~~~~~~~~~~~~~~~~~~~~~~~~~~~~~~~~~~~~~~~~~~~~~~~~~~~~~~~~~~~~~~~~~~~~~~~~~~~~~~~~~~~~~~~[m[K

[01m[K/home/kuba/Documents/slam-robot/robot_ws/main_package/src/controller.cpp:[m[K In member function â€˜[01m[Kvoid ControllerNode::[01;32m[KlidarCallback[m[K(std_msgs::msg::Float32_<std::allocator<void> >::SharedPtr)[m[Kâ€™:
[01m[K/home/kuba/Documents/slam-robot/robot_ws/main_package/src/controller.cpp:32:11:[m[K [01;31m[Kerror: [m[Kâ€˜[01m[Kobstiacle_distance[m[Kâ€™ was not declared in this scope; did you mean â€˜[01m[Kobstacle_distance[m[Kâ€™?
   32 |       if ([01;31m[Kobstiacle_distance[m[K.data <= min_obstacle_distance) {
      |           [01;31m[K^~~~~~~~~~~~~~~~~~[m[K
      |           [32m[Kobstacle_distance[m[K
In file included from [01m[K/home/kuba/Documents/slam-robot/robot_ws/main_package/src/controller.cpp:9[m[K:
[01m[K/home/kuba/Documents/slam-robot/robot_ws/main_package/src/../include/config.h:6:20:[m[K [01;31m[Kerror: [m[Kconversion from â€˜[01m[Kint[m[Kâ€™ to non-scalar type â€˜[01m[Kstd_msgs::msg::Int32[m[Kâ€™ {aka â€˜[01m[Kstd_msgs::msg::Int32_<std::allocator<void> >[m[Kâ€™} requested
    6 | #define TURN_RIGHT [01;31m[K2[m[K
      |                    [01;31m[K^[m[K
[01m[K/home/kuba/Documents/slam-robot/robot_ws/main_package/src/controller.cpp:34:46:[m[K [01;36m[Knote: [m[Kin expansion of macro â€˜[01m[KTURN_RIGHT[m[Kâ€™
   34 |         std_msgs::msg::Int32 motor_command = [01;36m[KTURN_RIGHT[m[K;
      |                                              [01;36m[K^~~~~~~~~~[m[K
[01m[K/home/kuba/Documents/slam-robot/robot_ws/main_package/src/controller.cpp:31:64:[m[K [01;35m[Kwarning: [m[Kunused parameter â€˜[01m[Kobstacle_distance[m[Kâ€™ [[01;35m[K]8;;https://gcc.gnu.org/onlinedocs/gcc/Warning-Options.html#index-Wunused-parameter-Wunused-parameter]8;;[m[K]
   31 |  void lidarCallback([01;35m[Kconst std_msgs::msg::Float32::SharedPtr obstacle_distance[m[K) {
      |                     [01;35m[K~~~~~~~~~~~~~~~~~~~~~~~~~~~~~~~~~~~~~~~~^~~~~~~~~~~~~~~~~[m[K

[01m[K/home/kuba/Documents/slam-robot/robot_ws/main_package/src/controller.cpp:[m[K In member function â€˜[01m[Kvoid ControllerNode::[01;32m[KcontrolCallback[m[K(std_msgs::msg::Int32_<std::allocator<void> >::SharedPtr)[m[Kâ€™:
[01m[K/home/kuba/Documents/slam-robot/robot_ws/main_package/src/controller.cpp:45:62:[m[K [01;31m[Kerror: [m[Kâ€˜[01m[Kconst std_msgs::msg::Int32_<std::allocator<void> >::SharedPtr[m[Kâ€™ {aka â€˜[01m[Kconst class std::shared_ptr<std_msgs::msg::Int32_<std::allocator<void> > >[m[Kâ€™} has no member named â€˜[01m[Kdata[m[Kâ€™
   45 |         std_msgs::msg::Int32 motor_command = control_command.[01;31m[Kdata[m[K;
      |                                                              [01;31m[K^~~~[m[K
[01m[K/home/kuba/Documents/slam-robot/robot_ws/main_package/src/controller.cpp:49:9:[m[K [01;31m[Kerror: [m[Kexpected â€˜[01m[K;[m[Kâ€™ before â€˜[01m[K}[m[Kâ€™ token
   49 |         [01;31m[K}[m[K
      |         [01;31m[K^[m[K
gmake[2]: *** [CMakeFiles/controller_node.dir/build.make:76: CMakeFiles/controller_node.dir/src/controller.cpp.o] Error 1
gmake[1]: *** [CMakeFiles/Makefile2:143: CMakeFiles/controller_node.dir/all] Error 2
gmake[1]: *** Waiting for unfinished jobs....
gmake[2]: *** [CMakeFiles/sim_lidar_driver_node.dir/build.make:76: CMakeFiles/sim_lidar_driver_node.dir/src/sim_lidar_driver.cpp.o] Error 1
gmake[1]: *** [CMakeFiles/Makefile2:169: CMakeFiles/sim_lidar_driver_node.dir/all] Error 2
gmake[2]: *** [CMakeFiles/sim_motor_driver.dir/build.make:76: CMakeFiles/sim_motor_driver.dir/src/sim_motor_driver.cpp.o] Error 1
gmake[1]: *** [CMakeFiles/Makefile2:195: CMakeFiles/sim_motor_driver.dir/all] Error 2
gmake: *** [Makefile:146: all] Error 2
