[0.019s] Invoking command in '/home/kuba/Documents/slam-robot/robot_ws/build/main_package': CMAKE_PREFIX_PATH=${CMAKE_PREFIX_PATH}:/opt/ros/jazzy DEBUGINFOD_URLS=https://debuginfod.ubuntu.com /usr/bin/cmake --build /home/kuba/Documents/slam-robot/robot_ws/build/main_package -- -j8 -l8
[0.066s] -- Found ament_cmake: 2.5.2 (/opt/ros/jazzy/share/ament_cmake/cmake)
[0.502s] -- Found rclcpp: 28.1.3 (/opt/ros/jazzy/share/rclcpp/cmake)
[0.555s] -- Found rosidl_generator_c: 4.6.3 (/opt/ros/jazzy/share/rosidl_generator_c/cmake)
[0.573s] -- Found rosidl_generator_cpp: 4.6.3 (/opt/ros/jazzy/share/rosidl_generator_cpp/cmake)
[0.595s] -- Using all available rosidl_typesupport_c: rosidl_typesupport_fastrtps_c;rosidl_typesupport_introspection_c
[0.621s] -- Using all available rosidl_typesupport_cpp: rosidl_typesupport_fastrtps_cpp;rosidl_typesupport_introspection_cpp
[0.743s] -- Found rmw_implementation_cmake: 7.3.1 (/opt/ros/jazzy/share/rmw_implementation_cmake/cmake)
[0.745s] -- Found rmw_fastrtps_cpp: 8.4.1 (/opt/ros/jazzy/share/rmw_fastrtps_cpp/cmake)
[0.871s] -- Using RMW implementation 'rmw_fastrtps_cpp' as default
[0.998s] -- Found std_msgs: 5.3.5 (/opt/ros/jazzy/share/std_msgs/cmake)
[1.025s] -- Found sensor_msgs: 5.3.5 (/opt/ros/jazzy/share/sensor_msgs/cmake)
[1.288s] -- Configuring done (1.2s)
[1.329s] -- Generating done (0.0s)
[1.332s] -- Build files have been written to: /home/kuba/Documents/slam-robot/robot_ws/build/main_package
[1.424s] [ 25%] Built target sim_controls_driver_node
[1.425s] [ 37%] [32mBuilding CXX object CMakeFiles/sim_lidar_driver_node.dir/src/sim_lidar_driver.cpp.o[0m
[1.429s] [ 50%] [32mBuilding CXX object CMakeFiles/sim_motor_driver.dir/src/sim_motor_driver.cpp.o[0m
[1.441s] [ 62%] [32mBuilding CXX object CMakeFiles/controller_node.dir/src/controller.cpp.o[0m
[1.899s] [01m[K/home/kuba/Documents/slam-robot/robot_ws/main_package/src/sim_lidar_driver.cpp:7:10:[m[K [01;31m[Kfatal error: [m[Ksensor_msgs/msg/laserscan.hpp: No such file or directory
[1.899s]     7 | #include [01;31m[K"sensor_msgs/msg/laserscan.hpp"[m[K
[1.899s]       |          [01;31m[K^~~~~~~~~~~~~~~~~~~~~~~~~~~~~~~[m[K
[1.899s] compilation terminated.
[1.911s] gmake[2]: *** [CMakeFiles/sim_lidar_driver_node.dir/build.make:76: CMakeFiles/sim_lidar_driver_node.dir/src/sim_lidar_driver.cpp.o] Error 1
[1.911s] gmake[1]: *** [CMakeFiles/Makefile2:169: CMakeFiles/sim_lidar_driver_node.dir/all] Error 2
[1.911s] gmake[1]: *** Waiting for unfinished jobs....
[6.231s] [01m[K/home/kuba/Documents/slam-robot/robot_ws/main_package/src/sim_motor_driver.cpp:22:41:[m[K [01;31m[Kerror: [m[Kâ€˜[01m[KString[m[Kâ€™ is not a member of â€˜[01m[Kstd_msgs::msg[m[Kâ€™
[6.232s]    22 |     rclcpp::Subscription<std_msgs::msg::[01;31m[KString[m[K>::SharedPtr subscription_;
[6.232s]       |                                         [01;31m[K^~~~~~[m[K
[6.232s] [01m[K/home/kuba/Documents/slam-robot/robot_ws/main_package/src/sim_motor_driver.cpp:22:47:[m[K [01;31m[Kerror: [m[Ktemplate argument 1 is invalid
[6.232s]    22 |     rclcpp::Subscription<std_msgs::msg::String[01;31m[K>[m[K::SharedPtr subscription_;
[6.233s]       |                                               [01;31m[K^[m[K
[6.233s] [01m[K/home/kuba/Documents/slam-robot/robot_ws/main_package/src/sim_motor_driver.cpp:22:47:[m[K [01;31m[Kerror: [m[Ktemplate argument 3 is invalid
[6.233s] [01m[K/home/kuba/Documents/slam-robot/robot_ws/main_package/src/sim_motor_driver.cpp:22:47:[m[K [01;31m[Kerror: [m[Ktemplate argument 4 is invalid
[6.234s] [01m[K/home/kuba/Documents/slam-robot/robot_ws/main_package/src/sim_motor_driver.cpp:22:47:[m[K [01;31m[Kerror: [m[Ktemplate argument 5 is invalid
[6.234s] [01m[K/home/kuba/Documents/slam-robot/robot_ws/main_package/src/sim_motor_driver.cpp:22:50:[m[K [01;31m[Kerror: [m[Kexpected â€˜[01m[K;[m[Kâ€™ at end of member declaration
[6.234s]    22 |     rclcpp::Subscription<std_msgs::msg::String>::[01;31m[KSharedPtr[m[K subscription_;
[6.234s]       |                                                  [01;31m[K^~~~~~~~~[m[K
[6.234s]       |                                                           [32m[K;[m[K
[6.236s] [01m[K/home/kuba/Documents/slam-robot/robot_ws/main_package/src/sim_motor_driver.cpp:22:60:[m[K [01;31m[Kerror: [m[Kâ€˜[01m[Ksubscription_[m[Kâ€™ does not name a type; did you mean â€˜[01m[Krmw_subscription_t[m[Kâ€™?
[6.236s]    22 |     rclcpp::Subscription<std_msgs::msg::String>::SharedPtr [01;31m[Ksubscription_[m[K;
[6.236s]       |                                                            [01;31m[K^~~~~~~~~~~~~[m[K
[6.237s]       |                                                            [32m[Krmw_subscription_t[m[K
[6.237s] [01m[K/home/kuba/Documents/slam-robot/robot_ws/main_package/src/sim_motor_driver.cpp:23:38:[m[K [01;31m[Kerror: [m[Kâ€˜[01m[KString[m[Kâ€™ is not a member of â€˜[01m[Kstd_msgs::msg[m[Kâ€™
[6.237s]    23 |     rclcpp::Publisher<std_msgs::msg::[01;31m[KString[m[K>::SharedPtr publisher_;
[6.238s]       |                                      [01;31m[K^~~~~~[m[K
[6.238s] [01m[K/home/kuba/Documents/slam-robot/robot_ws/main_package/src/sim_motor_driver.cpp:23:44:[m[K [01;31m[Kerror: [m[Ktemplate argument 1 is invalid
[6.238s]    23 |     rclcpp::Publisher<std_msgs::msg::String[01;31m[K>[m[K::SharedPtr publisher_;
[6.238s]       |                                            [01;31m[K^[m[K
[6.239s] [01m[K/home/kuba/Documents/slam-robot/robot_ws/main_package/src/sim_motor_driver.cpp:23:47:[m[K [01;31m[Kerror: [m[Kexpected â€˜[01m[K;[m[Kâ€™ at end of member declaration
[6.239s]    23 |     rclcpp::Publisher<std_msgs::msg::String>::[01;31m[KSharedPtr[m[K publisher_;
[6.239s]       |                                               [01;31m[K^~~~~~~~~[m[K
[6.239s]       |                                                        [32m[K;[m[K
[6.240s] [01m[K/home/kuba/Documents/slam-robot/robot_ws/main_package/src/sim_motor_driver.cpp:23:47:[m[K [01;31m[Kerror: [m[Kredeclaration of â€˜[01m[Kint SimMotorDriver::SharedPtr[m[Kâ€™
[6.240s] [01m[K/home/kuba/Documents/slam-robot/robot_ws/main_package/src/sim_motor_driver.cpp:22:50:[m[K [01;36m[Knote: [m[Kprevious declaration â€˜[01m[Kint SimMotorDriver::SharedPtr[m[Kâ€™
[6.240s]    22 |     rclcpp::Subscription<std_msgs::msg::String>::[01;36m[KSharedPtr[m[K subscription_;
[6.240s]       |                                                  [01;36m[K^~~~~~~~~[m[K
[6.242s] [01m[K/home/kuba/Documents/slam-robot/robot_ws/main_package/src/sim_motor_driver.cpp:23:57:[m[K [01;31m[Kerror: [m[Kâ€˜[01m[Kpublisher_[m[Kâ€™ does not name a type; did you mean â€˜[01m[Krmw_publisher_t[m[Kâ€™?
[6.242s]    23 |     rclcpp::Publisher<std_msgs::msg::String>::SharedPtr [01;31m[Kpublisher_[m[K;
[6.242s]       |                                                         [01;31m[K^~~~~~~~~~[m[K
[6.242s]       |                                                         [32m[Krmw_publisher_t[m[K
[6.261s] [01m[K/home/kuba/Documents/slam-robot/robot_ws/main_package/src/sim_motor_driver.cpp:[m[K In constructor â€˜[01m[KSimMotorDriver::[01;32m[KSimMotorDriver[m[K()[m[Kâ€™:
[6.261s] [01m[K/home/kuba/Documents/slam-robot/robot_ws/main_package/src/sim_motor_driver.cpp:15:7:[m[K [01;31m[Kerror: [m[Kâ€˜[01m[Ksubscription_[m[Kâ€™ was not declared in this scope; did you mean â€˜[01m[Krmw_subscription_t[m[Kâ€™?
[6.261s]    15 |       [01;31m[Ksubscription_[m[K = this->create_subscription<std_msgs::msg::Int32>(
[6.262s]       |       [01;31m[K^~~~~~~~~~~~~[m[K
[6.262s]       |       [32m[Krmw_subscription_t[m[K
[6.314s] [01m[K/home/kuba/Documents/slam-robot/robot_ws/main_package/src/controller.cpp:24:26:[m[K [01;31m[Kerror: [m[Kâ€˜[01m[Ksensor_msgs[m[Kâ€™ was not declared in this scope
[6.314s]    24 |     rclcpp::Subscription<[01;31m[Ksensor_msgs[m[K::msg::LaserScan>::SharedPtr lidar_subscription_;
[6.315s]       |                          [01;31m[K^~~~~~~~~~~[m[K
[6.315s] [01m[K/home/kuba/Documents/slam-robot/robot_ws/main_package/src/controller.cpp:24:53:[m[K [01;31m[Kerror: [m[Ktemplate argument 1 is invalid
[6.315s]    24 |     rclcpp::Subscription<sensor_msgs::msg::LaserScan[01;31m[K>[m[K::SharedPtr lidar_subscription_;
[6.315s]       |                                                     [01;31m[K^[m[K
[6.316s] [01m[K/home/kuba/Documents/slam-robot/robot_ws/main_package/src/controller.cpp:24:53:[m[K [01;31m[Kerror: [m[Ktemplate argument 3 is invalid
[6.316s] [01m[K/home/kuba/Documents/slam-robot/robot_ws/main_package/src/controller.cpp:24:53:[m[K [01;31m[Kerror: [m[Ktemplate argument 4 is invalid
[6.316s] [01m[K/home/kuba/Documents/slam-robot/robot_ws/main_package/src/controller.cpp:24:53:[m[K [01;31m[Kerror: [m[Ktemplate argument 5 is invalid
[6.316s] [01m[K/home/kuba/Documents/slam-robot/robot_ws/main_package/src/controller.cpp:24:56:[m[K [01;31m[Kerror: [m[Kexpected â€˜[01m[K;[m[Kâ€™ at end of member declaration
[6.316s]    24 |     rclcpp::Subscription<sensor_msgs::msg::LaserScan>::[01;31m[KSharedPtr[m[K lidar_subscription_;
[6.317s]       |                                                        [01;31m[K^~~~~~~~~[m[K
[6.317s]       |                                                                 [32m[K;[m[K
[6.321s] [01m[K/home/kuba/Documents/slam-robot/robot_ws/main_package/src/controller.cpp:24:66:[m[K [01;31m[Kerror: [m[Kâ€˜[01m[Klidar_subscription_[m[Kâ€™ does not name a type; did you mean â€˜[01m[Krmw_subscription_t[m[Kâ€™?
[6.321s]    24 | clcpp::Subscription<sensor_msgs::msg::LaserScan>::SharedPtr [01;31m[Klidar_subscription_[m[K;
[6.321s]       |                                                             [01;31m[K^~~~~~~~~~~~~~~~~~~[m[K
[6.322s]       |                                                             [32m[Krmw_subscription_t[m[K
[6.354s] [01m[K/home/kuba/Documents/slam-robot/robot_ws/main_package/src/sim_motor_driver.cpp:18:7:[m[K [01;31m[Kerror: [m[Kâ€˜[01m[Kpublisher_[m[Kâ€™ was not declared in this scope; did you mean â€˜[01m[Krmw_publisher_t[m[Kâ€™?
[6.354s]    18 |       [01;31m[Kpublisher_[m[K = this->create_publisher<geometry_msgs::msg::Twist>("cmd_vel", 10);
[6.354s]       |       [01;31m[K^~~~~~~~~~[m[K
[6.355s]       |       [32m[Krmw_publisher_t[m[K
[6.364s] In file included from [01m[K/opt/ros/jazzy/include/rclcpp/rclcpp/logging.hpp:24[m[K,
[6.364s]                  from [01m[K/opt/ros/jazzy/include/rclcpp/rclcpp/copy_all_parameter_values.hpp:27[m[K,
[6.364s]                  from [01m[K/opt/ros/jazzy/include/rclcpp/rclcpp/rclcpp.hpp:171[m[K,
[6.365s]                  from [01m[K/home/kuba/Documents/slam-robot/robot_ws/main_package/src/sim_motor_driver.cpp:5[m[K:
[6.365s] [01m[K/home/kuba/Documents/slam-robot/robot_ws/main_package/src/sim_motor_driver.cpp:[m[K In member function â€˜[01m[Kvoid SimMotorDriver::[01;32m[KcallbackFunction[m[K(std_msgs::msg::Int32_<std::allocator<void> >::SharedPtr)[m[Kâ€™:
[6.365s] [01m[K/home/kuba/Documents/slam-robot/robot_ws/main_package/src/sim_motor_driver.cpp:40:59:[m[K [01;31m[Kerror: [m[Kâ€˜[01m[Kmsg[m[Kâ€™ was not declared in this scope
[6.365s]    40 |         RCLCPP_INFO(this->get_logger(), "Received: '%s'", [01;31m[Kmsg[m[K->data.c_str());
[6.366s]       |                                                           [01;31m[K^~~[m[K
[6.366s] [01m[K/home/kuba/Documents/slam-robot/robot_ws/main_package/src/sim_motor_driver.cpp:40:59:[m[K [01;36m[Knote: [m[Ksuggested alternatives:
[6.366s] In file included from [01m[K/opt/ros/jazzy/include/rcl_interfaces/rcl_interfaces/srv/detail/list_parameters__struct.hpp:156[m[K,
[6.366s]                  from [01m[K/opt/ros/jazzy/include/rcl_interfaces/rcl_interfaces/srv/list_parameters.hpp:7[m[K,
[6.367s]                  from [01m[K/opt/ros/jazzy/include/rclcpp/rclcpp/copy_all_parameter_values.hpp:21[m[K:
[6.367s] [01m[K/opt/ros/jazzy/include/rcl_interfaces/rcl_interfaces/msg/detail/list_parameters_result__struct.hpp:30:11:[m[K [01;36m[Knote: [m[K  â€˜[01m[Krcl_interfaces::msg[m[Kâ€™
[6.367s]    30 | namespace [01;36m[Kmsg[m[K
[6.367s]       |           [01;36m[K^~~[m[K
[6.367s] In file included from [01m[K/opt/ros/jazzy/include/service_msgs/service_msgs/msg/detail/service_event_info__struct.hpp:23[m[K,
[6.368s]                  from [01m[K/opt/ros/jazzy/include/rcl_interfaces/rcl_interfaces/srv/detail/list_parameters__struct.hpp:267[m[K:
[6.368s] [01m[K/opt/ros/jazzy/include/builtin_interfaces/builtin_interfaces/msg/detail/time__struct.hpp:30:11:[m[K [01;36m[Knote: [m[K  â€˜[01m[Kbuiltin_interfaces::msg[m[Kâ€™
[6.368s]    30 | namespace [01;36m[Kmsg[m[K
[6.368s]       |           [01;36m[K^~~[m[K
[6.369s] [01m[K/opt/ros/jazzy/include/service_msgs/service_msgs/msg/detail/service_event_info__struct.hpp:34:11:[m[K [01;36m[Knote: [m[K  â€˜[01m[Kservice_msgs::msg[m[Kâ€™
[6.369s]    34 | namespace [01;36m[Kmsg[m[K
[6.369s]       |           [01;36m[K^~~[m[K
[6.369s] In file included from [01m[K/opt/ros/jazzy/include/statistics_msgs/statistics_msgs/msg/detail/metrics_message__struct.hpp:26[m[K,
[6.370s]                  from [01m[K/opt/ros/jazzy/include/statistics_msgs/statistics_msgs/msg/metrics_message.hpp:7[m[K,
[6.370s]                  from [01m[K/opt/ros/jazzy/include/libstatistics_collector/libstatistics_collector/collector/generate_statistics_message.hpp:21[m[K,
[6.370s]                  from [01m[K/opt/ros/jazzy/include/rclcpp/rclcpp/topic_statistics/subscription_topic_statistics.hpp:23[m[K,
[6.370s]                  from [01m[K/opt/ros/jazzy/include/rclcpp/rclcpp/subscription.hpp:50[m[K,
[6.370s]                  from [01m[K/opt/ros/jazzy/include/rclcpp/rclcpp/any_executable.hpp:25[m[K,
[6.371s]                  from [01m[K/opt/ros/jazzy/include/rclcpp/rclcpp/memory_strategy.hpp:25[m[K,
[6.371s]                  from [01m[K/opt/ros/jazzy/include/rclcpp/rclcpp/memory_strategies.hpp:18[m[K,
[6.371s]                  from [01m[K/opt/ros/jazzy/include/rclcpp/rclcpp/executor_options.hpp:22[m[K,
[6.371s]                  from [01m[K/opt/ros/jazzy/include/rclcpp/rclcpp/executor.hpp:38[m[K,
[6.372s]                  from [01m[K/opt/ros/jazzy/include/rclcpp/rclcpp/executors/multi_threaded_executor.hpp:25[m[K,
[6.372s]                  from [01m[K/opt/ros/jazzy/include/rclcpp/rclcpp/executors.hpp:21[m[K,
[6.372s]                  from [01m[K/opt/ros/jazzy/include/rclcpp/rclcpp/rclcpp.hpp:172[m[K:
[6.372s] [01m[K/opt/ros/jazzy/include/statistics_msgs/statistics_msgs/msg/detail/statistic_data_point__struct.hpp:30:11:[m[K [01;36m[Knote: [m[K  â€˜[01m[Kstatistics_msgs::msg[m[Kâ€™
[6.373s]    30 | namespace [01;36m[Kmsg[m[K
[6.373s]       |           [01;36m[K^~~[m[K
[6.373s] In file included from [01m[K/opt/ros/jazzy/include/geometry_msgs/geometry_msgs/msg/detail/twist__struct.hpp:24[m[K,
[6.373s]                  from [01m[K/opt/ros/jazzy/include/geometry_msgs/geometry_msgs/msg/twist.hpp:7[m[K,
[6.374s]                  from [01m[K/home/kuba/Documents/slam-robot/robot_ws/main_package/src/sim_motor_driver.cpp:6[m[K:
[6.374s] [01m[K/opt/ros/jazzy/include/geometry_msgs/geometry_msgs/msg/detail/vector3__struct.hpp:30:11:[m[K [01;36m[Knote: [m[K  â€˜[01m[Kgeometry_msgs::msg[m[Kâ€™
[6.374s]    30 | namespace [01;36m[Kmsg[m[K
[6.374s]       |           [01;36m[K^~~[m[K
[6.375s] In file included from [01m[K/opt/ros/jazzy/include/std_msgs/std_msgs/msg/int32.hpp:7[m[K,
[6.375s]                  from [01m[K/home/kuba/Documents/slam-robot/robot_ws/main_package/src/sim_motor_driver.cpp:7[m[K:
[6.375s] [01m[K/opt/ros/jazzy/include/std_msgs/std_msgs/msg/detail/int32__struct.hpp:30:11:[m[K [01;36m[Knote: [m[K  â€˜[01m[Kstd_msgs::msg[m[Kâ€™
[6.375s]    30 | namespace [01;36m[Kmsg[m[K
[6.376s]       |           [01;36m[K^~~[m[K
[6.376s] [01m[K/home/kuba/Documents/slam-robot/robot_ws/main_package/src/sim_motor_driver.cpp:44:32:[m[K [01;31m[Kerror: [m[Kâ€˜[01m[Kconst std_msgs::msg::Int32_<std::allocator<void> >::SharedPtr[m[Kâ€™ {aka â€˜[01m[Kconst class std::shared_ptr<std_msgs::msg::Int32_<std::allocator<void> > >[m[Kâ€™} has no member named â€˜[01m[Kdata[m[Kâ€™
[6.376s]    44 |         switch (motor_commands.[01;31m[Kdata[m[K) {
[6.376s]       |                                [01;31m[K^~~~[m[K
[6.377s] [01m[K/home/kuba/Documents/slam-robot/robot_ws/main_package/src/sim_motor_driver.cpp:59:9:[m[K [01;31m[Kerror: [m[Kexpected primary-expression before â€˜[01m[K}[m[Kâ€™ token
[6.377s]    59 |         [01;31m[K}[m[K
[6.377s]       |         [01;31m[K^[m[K
[6.380s] [01m[K/home/kuba/Documents/slam-robot/robot_ws/main_package/src/sim_motor_driver.cpp:61:9:[m[K [01;31m[Kerror: [m[Kâ€˜[01m[Kpublisher_[m[Kâ€™ was not declared in this scope; did you mean â€˜[01m[Krmw_publisher_t[m[Kâ€™?
[6.380s]    61 |         [01;31m[Kpublisher_[m[K->publish(output_msg);
[6.380s]       |         [01;31m[K^~~~~~~~~~[m[K
[6.380s]       |         [32m[Krmw_publisher_t[m[K
[6.414s] [01m[K/home/kuba/Documents/slam-robot/robot_ws/main_package/src/controller.cpp:[m[K In constructor â€˜[01m[KControllerNode::[01;32m[KControllerNode[m[K()[m[Kâ€™:
[6.415s] [01m[K/home/kuba/Documents/slam-robot/robot_ws/main_package/src/controller.cpp:14:9:[m[K [01;31m[Kerror: [m[Kâ€˜[01m[Klidar_subscription_[m[Kâ€™ was not declared in this scope; did you mean â€˜[01m[Kcontrol_subscription_[m[Kâ€™?
[6.415s]    14 |         [01;31m[Klidar_subscription_[m[K = this->create_subscription<sensor_msgs::msg::LaserScan>(
[6.415s]       |         [01;31m[K^~~~~~~~~~~~~~~~~~~[m[K
[6.415s]       |         [32m[Kcontrol_subscription_[m[K
[6.430s] [01m[K/home/kuba/Documents/slam-robot/robot_ws/main_package/src/controller.cpp:14:57:[m[K [01;31m[Kerror: [m[Kâ€˜[01m[Ksensor_msgs[m[Kâ€™ was not declared in this scope
[6.430s]    14 |         lidar_subscription_ = this->create_subscription<[01;31m[Ksensor_msgs[m[K::msg::LaserScan>(
[6.430s]       |                                                         [01;31m[K^~~~~~~~~~~[m[K
[6.431s] [01m[K/home/kuba/Documents/slam-robot/robot_ws/main_package/src/controller.cpp:14:37:[m[K [01;31m[Kerror: [m[Kparse error in template argument list
[6.431s]    14 |         lidar_subscription_ = this->[01;31m[Kcreate_subscription<sensor_msgs::msg::LaserScan>[m[K(
[6.431s]       |                                     [01;31m[K^~~~~~~~~~~~~~~~~~~~~~~~~~~~~~~~~~~~~~~~~~~~~~~~[m[K
[6.440s] [01m[K/home/kuba/Documents/slam-robot/robot_ws/main_package/src/controller.cpp:14:85:[m[K [01;31m[Kerror: [m[Kno matching function for call to â€˜[01m[KControllerNode::create_subscription<<expression error> >(const char [18], int, std::_Bind_helper<false, void (ControllerNode::*)(std::shared_ptr<std_msgs::msg::Float32_<std::allocator<void> > >), ControllerNode*, const std::_Placeholder<1>&>::type)[m[Kâ€™
[6.441s]    14 | subscription_ = [01;31m[Kthis->create_subscription<sensor_msgs::msg::LaserScan>([m[K
[6.441s]       |                 [01;31m[K~~~~~~~~~~~~~~~~~~~~~~~~~~~~~~~~~~~~~~~~~~~~~~~~~~~~~~^[m[K
[6.441s] 
[6.441s]    15 | [01;31m[Kbstacle_distance", 10, std::bind(&ControllerNode::lidarCallback, this, std::placeholders::_1))[m[K;
[6.442s]       | [01;31m[K~~~~~~~~~~~~~~~~~~~~~~~~~~~~~~~~~~~~~~~~~~~~~~~~~~~~~~~~~~~~~~~~~~~~~~~~~~~~~~~~~~~~~~~~~~~~~~[m[K
[6.442s] 
[6.442s] In file included from [01m[K/opt/ros/jazzy/include/rclcpp/rclcpp/executors/single_threaded_executor.hpp:28[m[K,
[6.442s]                  from [01m[K/opt/ros/jazzy/include/rclcpp/rclcpp/executors.hpp:22[m[K,
[6.443s]                  from [01m[K/opt/ros/jazzy/include/rclcpp/rclcpp/rclcpp.hpp:172[m[K,
[6.443s]                  from [01m[K/home/kuba/Documents/slam-robot/robot_ws/main_package/src/controller.cpp:4[m[K:
[6.443s] [01m[K/opt/ros/jazzy/include/rclcpp/rclcpp/node.hpp:221:3:[m[K [01;36m[Knote: [m[Kcandidate: â€˜[01m[Ktemplate<class MessageT, class CallbackT, class AllocatorT, class SubscriptionT, class MessageMemoryStrategyT> std::shared_ptr<ROSMessageT> rclcpp::Node::[01;32m[Kcreate_subscription[m[K(const std::string&, const rclcpp::QoS&, CallbackT&&, const rclcpp::SubscriptionOptionsWithAllocator<AllocatorT>&, typename MessageMemoryStrategyT::SharedPtr)[m[Kâ€™
[6.443s]   221 |   [01;36m[Kcreate_subscription[m[K(
[6.443s]       |   [01;36m[K^~~~~~~~~~~~~~~~~~~[m[K
[6.444s] [01m[K/opt/ros/jazzy/include/rclcpp/rclcpp/node.hpp:221:3:[m[K [01;36m[Knote: [m[K  template argument deduction/substitution failed:
[6.444s] [01m[K/home/kuba/Documents/slam-robot/robot_ws/main_package/src/controller.cpp:14:85:[m[K [01;31m[Kerror: [m[Ktemplate argument 1 is invalid
[6.444s]    14 | subscription_ = [01;31m[Kthis->create_subscription<sensor_msgs::msg::LaserScan>([m[K
[6.444s]       |                 [01;31m[K~~~~~~~~~~~~~~~~~~~~~~~~~~~~~~~~~~~~~~~~~~~~~~~~~~~~~~^[m[K
[6.445s] 
[6.445s]    15 | [01;31m[Kbstacle_distance", 10, std::bind(&ControllerNode::lidarCallback, this, std::placeholders::_1))[m[K;
[6.445s]       | [01;31m[K~~~~~~~~~~~~~~~~~~~~~~~~~~~~~~~~~~~~~~~~~~~~~~~~~~~~~~~~~~~~~~~~~~~~~~~~~~~~~~~~~~~~~~~~~~~~~~[m[K
[6.445s] 
[6.468s] [01m[K/home/kuba/Documents/slam-robot/robot_ws/main_package/src/controller.cpp:[m[K In member function â€˜[01m[Kvoid ControllerNode::[01;32m[KlidarCallback[m[K(std_msgs::msg::Float32_<std::allocator<void> >::SharedPtr)[m[Kâ€™:
[6.469s] [01m[K/home/kuba/Documents/slam-robot/robot_ws/main_package/src/controller.cpp:32:11:[m[K [01;31m[Kerror: [m[Kâ€˜[01m[Kobstiacle_distance[m[Kâ€™ was not declared in this scope; did you mean â€˜[01m[Kobstacle_distance[m[Kâ€™?
[6.469s]    32 |       if ([01;31m[Kobstiacle_distance[m[K.data <= min_obstacle_distance) {
[6.469s]       |           [01;31m[K^~~~~~~~~~~~~~~~~~[m[K
[6.469s]       |           [32m[Kobstacle_distance[m[K
[6.470s] In file included from [01m[K/home/kuba/Documents/slam-robot/robot_ws/main_package/src/controller.cpp:9[m[K:
[6.470s] [01m[K/home/kuba/Documents/slam-robot/robot_ws/main_package/src/../include/config.h:6:20:[m[K [01;31m[Kerror: [m[Kconversion from â€˜[01m[Kint[m[Kâ€™ to non-scalar type â€˜[01m[Kstd_msgs::msg::Int32[m[Kâ€™ {aka â€˜[01m[Kstd_msgs::msg::Int32_<std::allocator<void> >[m[Kâ€™} requested
[6.470s]     6 | #define TURN_RIGHT [01;31m[K2[m[K
[6.470s]       |                    [01;31m[K^[m[K
[6.471s] [01m[K/home/kuba/Documents/slam-robot/robot_ws/main_package/src/controller.cpp:34:46:[m[K [01;36m[Knote: [m[Kin expansion of macro â€˜[01m[KTURN_RIGHT[m[Kâ€™
[6.471s]    34 |         std_msgs::msg::Int32 motor_command = [01;36m[KTURN_RIGHT[m[K;
[6.471s]       |                                              [01;36m[K^~~~~~~~~~[m[K
[6.472s] [01m[K/home/kuba/Documents/slam-robot/robot_ws/main_package/src/controller.cpp:31:64:[m[K [01;35m[Kwarning: [m[Kunused parameter â€˜[01m[Kobstacle_distance[m[Kâ€™ [[01;35m[K]8;;https://gcc.gnu.org/onlinedocs/gcc/Warning-Options.html#index-Wunused-parameter-Wunused-parameter]8;;[m[K]
[6.472s]    31 |  void lidarCallback([01;35m[Kconst std_msgs::msg::Float32::SharedPtr obstacle_distance[m[K) {
[6.472s]       |                     [01;35m[K~~~~~~~~~~~~~~~~~~~~~~~~~~~~~~~~~~~~~~~~^~~~~~~~~~~~~~~~~[m[K
[6.472s] 
[6.473s] [01m[K/home/kuba/Documents/slam-robot/robot_ws/main_package/src/controller.cpp:[m[K In member function â€˜[01m[Kvoid ControllerNode::[01;32m[KcontrolCallback[m[K(std_msgs::msg::Int32_<std::allocator<void> >::SharedPtr)[m[Kâ€™:
[6.474s] [01m[K/home/kuba/Documents/slam-robot/robot_ws/main_package/src/controller.cpp:45:62:[m[K [01;31m[Kerror: [m[Kâ€˜[01m[Kconst std_msgs::msg::Int32_<std::allocator<void> >::SharedPtr[m[Kâ€™ {aka â€˜[01m[Kconst class std::shared_ptr<std_msgs::msg::Int32_<std::allocator<void> > >[m[Kâ€™} has no member named â€˜[01m[Kdata[m[Kâ€™
[6.474s]    45 |         std_msgs::msg::Int32 motor_command = control_command.[01;31m[Kdata[m[K;
[6.474s]       |                                                              [01;31m[K^~~~[m[K
[6.487s] [01m[K/home/kuba/Documents/slam-robot/robot_ws/main_package/src/controller.cpp:47:13:[m[K [01;31m[Kerror: [m[Kâ€˜[01m[Kavoiding[m[Kâ€™ was not declared in this scope
[6.487s]    47 |         if ([01;31m[Kavoiding[m[K obstacle == false) {
[6.488s]       |             [01;31m[K^~~~~~~~[m[K
[6.488s] [01m[K/home/kuba/Documents/slam-robot/robot_ws/main_package/src/controller.cpp:47:22:[m[K [01;31m[Kerror: [m[Kexpected â€˜[01m[K)[m[Kâ€™ before â€˜[01m[Kobstacle[m[Kâ€™
[6.488s]    47 |         if (avoiding [01;31m[Kobstacle[m[K == false) {
[6.488s]       |                      [01;31m[K^~~~~~~~[m[K
[6.489s] [01m[K/home/kuba/Documents/slam-robot/robot_ws/main_package/src/controller.cpp:47:12:[m[K [01;36m[Knote: [m[Kto match this â€˜[01m[K([m[Kâ€™
[6.489s]    47 |         if [01;36m[K([m[Kavoiding obstacle == false) {
[6.489s]       |            [01;36m[K^[m[K
[6.489s] [01m[K/home/kuba/Documents/slam-robot/robot_ws/main_package/src/controller.cpp:49:9:[m[K [01;31m[Kerror: [m[Kexpected â€˜[01m[K;[m[Kâ€™ before â€˜[01m[K}[m[Kâ€™ token
[6.490s]    49 |         [01;31m[K}[m[K
[6.490s]       |         [01;31m[K^[m[K
[11.081s] gmake[2]: *** [CMakeFiles/sim_motor_driver.dir/build.make:76: CMakeFiles/sim_motor_driver.dir/src/sim_motor_driver.cpp.o] Error 1
[11.081s] gmake[1]: *** [CMakeFiles/Makefile2:195: CMakeFiles/sim_motor_driver.dir/all] Error 2
[11.293s] gmake[2]: *** [CMakeFiles/controller_node.dir/build.make:76: CMakeFiles/controller_node.dir/src/controller.cpp.o] Error 1
[11.293s] gmake[1]: *** [CMakeFiles/Makefile2:143: CMakeFiles/controller_node.dir/all] Error 2
[11.293s] gmake: *** [Makefile:146: all] Error 2
[11.297s] Invoked command in '/home/kuba/Documents/slam-robot/robot_ws/build/main_package' returned '2': CMAKE_PREFIX_PATH=${CMAKE_PREFIX_PATH}:/opt/ros/jazzy DEBUGINFOD_URLS=https://debuginfod.ubuntu.com /usr/bin/cmake --build /home/kuba/Documents/slam-robot/robot_ws/build/main_package -- -j8 -l8
