[0.021s] Invoking command in '/home/kuba/Documents/slam-robot/robot_ws/build/main_package': CMAKE_PREFIX_PATH=${CMAKE_PREFIX_PATH}:/opt/ros/jazzy DEBUGINFOD_URLS=https://debuginfod.ubuntu.com /usr/bin/cmake --build /home/kuba/Documents/slam-robot/robot_ws/build/main_package -- -j8 -l8
[0.067s] -- Found ament_cmake: 2.5.2 (/opt/ros/jazzy/share/ament_cmake/cmake)
[0.458s] -- Found rclcpp: 28.1.3 (/opt/ros/jazzy/share/rclcpp/cmake)
[0.506s] -- Found rosidl_generator_c: 4.6.3 (/opt/ros/jazzy/share/rosidl_generator_c/cmake)
[0.522s] -- Found rosidl_generator_cpp: 4.6.3 (/opt/ros/jazzy/share/rosidl_generator_cpp/cmake)
[0.543s] -- Using all available rosidl_typesupport_c: rosidl_typesupport_fastrtps_c;rosidl_typesupport_introspection_c
[0.569s] -- Using all available rosidl_typesupport_cpp: rosidl_typesupport_fastrtps_cpp;rosidl_typesupport_introspection_cpp
[0.688s] -- Found rmw_implementation_cmake: 7.3.1 (/opt/ros/jazzy/share/rmw_implementation_cmake/cmake)
[0.691s] -- Found rmw_fastrtps_cpp: 8.4.1 (/opt/ros/jazzy/share/rmw_fastrtps_cpp/cmake)
[0.811s] -- Using RMW implementation 'rmw_fastrtps_cpp' as default
[0.948s] -- Found std_msgs: 5.3.5 (/opt/ros/jazzy/share/std_msgs/cmake)
[0.978s] -- Found sensor_msgs: 5.3.5 (/opt/ros/jazzy/share/sensor_msgs/cmake)
[1.238s] -- Configuring done (1.2s)
[1.263s] -- Generating done (0.0s)
[1.266s] -- Build files have been written to: /home/kuba/Documents/slam-robot/robot_ws/build/main_package
[1.333s] [ 25%] [32mBuilding CXX object CMakeFiles/robot_controls_node.dir/src/sim_robot_controls.cpp.o[0m
[1.347s] [ 75%] Built target controller_node
[1.729s] [01m[K/home/kuba/Documents/slam-robot/robot_ws/main_package/src/sim_robot_controls.cpp:9:10:[m[K [01;31m[Kfatal error: [m[Kkey_id_config.h: No such file or directory
[1.729s]     9 | #include [01;31m[K"key_id_config.h"[m[K
[1.730s]       |          [01;31m[K^~~~~~~~~~~~~~~~~[m[K
[1.730s] compilation terminated.
[1.735s] gmake[2]: *** [CMakeFiles/robot_controls_node.dir/build.make:76: CMakeFiles/robot_controls_node.dir/src/sim_robot_controls.cpp.o] Error 1
[1.735s] gmake[1]: *** [CMakeFiles/Makefile2:165: CMakeFiles/robot_controls_node.dir/all] Error 2
[1.735s] gmake: *** [Makefile:146: all] Error 2
[1.740s] Invoked command in '/home/kuba/Documents/slam-robot/robot_ws/build/main_package' returned '2': CMAKE_PREFIX_PATH=${CMAKE_PREFIX_PATH}:/opt/ros/jazzy DEBUGINFOD_URLS=https://debuginfod.ubuntu.com /usr/bin/cmake --build /home/kuba/Documents/slam-robot/robot_ws/build/main_package -- -j8 -l8
