[0.009s] Invoking command in '/home/kuba/Documents/slam-robot/robot_ws/build/main_package': CMAKE_PREFIX_PATH=${CMAKE_PREFIX_PATH}:/opt/ros/jazzy DEBUGINFOD_URLS=https://debuginfod.ubuntu.com /usr/bin/cmake --build /home/kuba/Documents/slam-robot/robot_ws/build/main_package -- -j8 -l8
[0.062s] [ 25%] Built target sim_motor_driver
[0.065s] [ 50%] Built target sim_controls_driver_node
[0.068s] [ 62%] [32mBuilding CXX object CMakeFiles/sim_lidar_driver_node.dir/src/sim_lidar_driver.cpp.o[0m
[0.069s] [ 75%] [32mBuilding CXX object CMakeFiles/controller_node.dir/src/controller.cpp.o[0m
[2.005s] [01m[K/home/kuba/Documents/slam-robot/robot_ws/main_package/src/controller.cpp:[m[K In member function â€˜[01m[Kvoid ControllerNode::[01;32m[KlidarCallback[m[K(std_msgs::msg::Float32_<std::allocator<void> >::SharedPtr)[m[Kâ€™:
[2.005s] [01m[K/home/kuba/Documents/slam-robot/robot_ws/main_package/src/controller.cpp:34:43:[m[K [01;31m[Kerror: [m[Kexpected initializer before â€˜[01m[K.[m[Kâ€™ token
[2.005s]    34 |         std_msgs::msg::Int32 motor_command[01;31m[K.[m[Kdata = TURN_RIGHT;
[2.005s]       |                                           [01;31m[K^[m[K
[2.013s] [01m[K/home/kuba/Documents/slam-robot/robot_ws/main_package/src/controller.cpp:36:35:[m[K [01;31m[Kerror: [m[Kâ€˜[01m[Kmotor_command[m[Kâ€™ was not declared in this scope
[2.013s]    36 |         motor_publisher_->publish([01;31m[Kmotor_command[m[K);
[2.013s]       |                                   [01;31m[K^~~~~~~~~~~~~[m[K
[2.015s] [01m[K/home/kuba/Documents/slam-robot/robot_ws/main_package/src/controller.cpp:[m[K In member function â€˜[01m[Kvoid ControllerNode::[01;32m[KcontrolCallback[m[K(std_msgs::msg::Int32_<std::allocator<void> >::SharedPtr)[m[Kâ€™:
[2.015s] [01m[K/home/kuba/Documents/slam-robot/robot_ws/main_package/src/controller.cpp:45:43:[m[K [01;31m[Kerror: [m[Kexpected initializer before â€˜[01m[K.[m[Kâ€™ token
[2.015s]    45 |         std_msgs::msg::Int32 motor_command[01;31m[K.[m[Kdata = control_command.data;
[2.015s]       |                                           [01;31m[K^[m[K
[2.022s] [01m[K/home/kuba/Documents/slam-robot/robot_ws/main_package/src/controller.cpp:48:37:[m[K [01;31m[Kerror: [m[Kâ€˜[01m[Kmotor_command[m[Kâ€™ was not declared in this scope; did you mean â€˜[01m[Kcontrol_command[m[Kâ€™?
[2.022s]    48 |           motor_publisher_->publish([01;31m[Kmotor_command[m[K);
[2.022s]       |                                     [01;31m[K^~~~~~~~~~~~~[m[K
[2.022s]       |                                     [32m[Kcontrol_command[m[K
[2.022s] [01m[K/home/kuba/Documents/slam-robot/robot_ws/main_package/src/controller.cpp:44:64:[m[K [01;35m[Kwarning: [m[Kunused parameter â€˜[01m[Kcontrol_command[m[Kâ€™ [[01;35m[K]8;;https://gcc.gnu.org/onlinedocs/gcc/Warning-Options.html#index-Wunused-parameter-Wunused-parameter]8;;[m[K]
[2.022s]    44 |  void controlCallback([01;35m[Kconst std_msgs::msg::Int32::SharedPtr control_command[m[K) {
[2.022s]       |                       [01;35m[K~~~~~~~~~~~~~~~~~~~~~~~~~~~~~~~~~~~~~~^~~~~~~~~~~~~~~[m[K
[2.022s] 
[4.592s] gmake[2]: *** [CMakeFiles/controller_node.dir/build.make:76: CMakeFiles/controller_node.dir/src/controller.cpp.o] Error 1
[4.592s] gmake[1]: *** [CMakeFiles/Makefile2:143: CMakeFiles/controller_node.dir/all] Error 2
[4.592s] gmake[1]: *** Waiting for unfinished jobs....
[7.046s] [ 87%] [32m[1mLinking CXX executable sim_lidar_driver_node[0m
[7.286s] [ 87%] Built target sim_lidar_driver_node
[7.287s] gmake: *** [Makefile:146: all] Error 2
[7.289s] Invoked command in '/home/kuba/Documents/slam-robot/robot_ws/build/main_package' returned '2': CMAKE_PREFIX_PATH=${CMAKE_PREFIX_PATH}:/opt/ros/jazzy DEBUGINFOD_URLS=https://debuginfod.ubuntu.com /usr/bin/cmake --build /home/kuba/Documents/slam-robot/robot_ws/build/main_package -- -j8 -l8
